<?xml version="1.0"?>
<testsuite name="Chrome 69.0.3497 (Windows 10 0.0.0)" package="" timestamp="2018-10-19T06:23:19" id="0" hostname="DESKTOP-EE8JQ37" tests="12" errors="0" failures="0" time="1.723">
  <properties>
    <property name="browser.fullName" value="Mozilla/5.0 (Windows NT 10.0; Win64; x64) AppleWebKit/537.36 (KHTML, like Gecko) Chrome/69.0.3497.100 Safari/537.36"/>
  </properties>
  <testcase name="LoginComponent should log out a user (login state should be cleared)" time="0.283" classname="Chrome_69_0_3497_(Windows_10_0_0_0).LoginComponent"/>
  <testcase name="LoginComponent should not log in an invalid user" time="0.217" classname="Chrome_69_0_3497_(Windows_10_0_0_0).LoginComponent"/>
  <testcase name="LoginComponent should update error message (for displaying login error mesage to user)" time="0.217" classname="Chrome_69_0_3497_(Windows_10_0_0_0).LoginComponent"/>
  <testcase name="LoginComponent should log in a previously registered user (not new users)&#xA;" time="0.162" classname="Chrome_69_0_3497_(Windows_10_0_0_0).LoginComponent"/>
  <testcase name="LoginComponent should update success message (for displaying login success message to user)" time="0.175" classname="Chrome_69_0_3497_(Windows_10_0_0_0).LoginComponent"/>
  <testcase name="PostsComponent should fetch articles for current logged in user" time="0.071" classname="Chrome_69_0_3497_(Windows_10_0_0_0).PostsComponent"/>
  <testcase name="PostsComponent should add articles when adding a follower" time="0.078" classname="Chrome_69_0_3497_(Windows_10_0_0_0).PostsComponent"/>
  <testcase name="PostsComponent should remove articles when removing a follower" time="0.078" classname="Chrome_69_0_3497_(Windows_10_0_0_0).PostsComponent"/>
  <testcase name="PostsComponent should filter displayed articles by the search keyword " time="0.074" classname="Chrome_69_0_3497_(Windows_10_0_0_0).PostsComponent"/>
  <testcase name="PostsComponent should update the search keyword" time="0.083" classname="Chrome_69_0_3497_(Windows_10_0_0_0).PostsComponent"/>
  <testcase name="ProfileService should be created" time="0.156" classname="Chrome_69_0_3497_(Windows_10_0_0_0).ProfileService"/>
  <testcase name="ProfileService should fetch the logged in user's profile information" time="0.129" classname="Chrome_69_0_3497_(Windows_10_0_0_0).ProfileService"/>
  <system-out>
    <![CDATA[Chrome 69.0.3497 (Windows 10 0.0.0) WARN: 'Navigation triggered outside Angular zone, did you forget to call 'ngZone.run()'?'
,Chrome 69.0.3497 (Windows 10 0.0.0) ERROR: 'Unhandled Promise rejection:', 'Cannot match any routes. URL Segment: 'main'', '; Zone:', 'ProxyZone', '; Task:', 'Promise.then', '; Value:', Error: Cannot match any routes. URL Segment: 'main'
Error: Cannot match any routes. URL Segment: 'main'
    at ApplyRedirects.noMatchError (./node_modules/@angular/router/fesm5/router.js?:1455:16)
    at CatchSubscriber.eval [as selector] (./node_modules/@angular/router/fesm5/router.js?:1436:29)
    at CatchSubscriber.error (./node_modules/rxjs/_esm5/internal/operators/catchError.js?:38:31)
    at MapSubscriber.Subscriber._error (./node_modules/rxjs/_esm5/internal/Subscriber.js?:89:26)
    at MapSubscriber.Subscriber.error (./node_modules/rxjs/_esm5/internal/Subscriber.js?:69:18)
    at MapSubscriber.Subscriber._error (./node_modules/rxjs/_esm5/internal/Subscriber.js?:89:26)
    at MapSubscriber.Subscriber.error (./node_modules/rxjs/_esm5/internal/Subscriber.js?:69:18)
    at MapSubscriber.Subscriber._error (./node_modules/rxjs/_esm5/internal/Subscriber.js?:89:26)
    at MapSubscriber.Subscriber.error (./node_modules/rxjs/_esm5/internal/Subscriber.js?:69:18)
    at TapSubscriber._error (./node_modules/rxjs/_esm5/internal/operators/tap.js?:67:26), 'Error: Cannot match any routes. URL Segment: 'main'
    at ApplyRedirects.noMatchError (./node_modules/@angular/router/fesm5/router.js?:1455:16)
    at CatchSubscriber.eval [as selector] (./node_modules/@angular/router/fesm5/router.js?:1436:29)
    at CatchSubscriber.error (./node_modules/rxjs/_esm5/internal/operators/catchError.js?:38:31)
    at MapSubscriber.Subscriber._error (./node_modules/rxjs/_esm5/internal/Subscriber.js?:89:26)
    at MapSubscriber.Subscriber.error (./node_modules/rxjs/_esm5/internal/Subscriber.js?:69:18)
    at MapSubscriber.Subscriber._error (./node_modules/rxjs/_esm5/internal/Subscriber.js?:89:26)
    at MapSubscriber.Subscriber.error (./node_modules/rxjs/_esm5/internal/Subscriber.js?:69:18)
    at MapSubscriber.Subscriber._error (./node_modules/rxjs/_esm5/internal/Subscriber.js?:89:26)
    at MapSubscriber.Subscriber.error (./node_modules/rxjs/_esm5/internal/Subscriber.js?:69:18)
    at TapSubscriber._error (./node_modules/rxjs/_esm5/internal/operators/tap.js?:67:26)'
,Chrome 69.0.3497 (Windows 10 0.0.0) WARN: 'Navigation triggered outside Angular zone, did you forget to call 'ngZone.run()'?'
,Chrome 69.0.3497 (Windows 10 0.0.0) ERROR: 'Unhandled Promise rejection:', 'Cannot match any routes. URL Segment: 'main'', '; Zone:', 'ProxyZone', '; Task:', 'Promise.then', '; Value:', Error: Cannot match any routes. URL Segment: 'main'
Error: Cannot match any routes. URL Segment: 'main'
    at ApplyRedirects.noMatchError (./node_modules/@angular/router/fesm5/router.js?:1455:16)
    at CatchSubscriber.eval [as selector] (./node_modules/@angular/router/fesm5/router.js?:1436:29)
    at CatchSubscriber.error (./node_modules/rxjs/_esm5/internal/operators/catchError.js?:38:31)
    at MapSubscriber.Subscriber._error (./node_modules/rxjs/_esm5/internal/Subscriber.js?:89:26)
    at MapSubscriber.Subscriber.error (./node_modules/rxjs/_esm5/internal/Subscriber.js?:69:18)
    at MapSubscriber.Subscriber._error (./node_modules/rxjs/_esm5/internal/Subscriber.js?:89:26)
    at MapSubscriber.Subscriber.error (./node_modules/rxjs/_esm5/internal/Subscriber.js?:69:18)
    at MapSubscriber.Subscriber._error (./node_modules/rxjs/_esm5/internal/Subscriber.js?:89:26)
    at MapSubscriber.Subscriber.error (./node_modules/rxjs/_esm5/internal/Subscriber.js?:69:18)
    at TapSubscriber._error (./node_modules/rxjs/_esm5/internal/operators/tap.js?:67:26), 'Error: Cannot match any routes. URL Segment: 'main'
    at ApplyRedirects.noMatchError (./node_modules/@angular/router/fesm5/router.js?:1455:16)
    at CatchSubscriber.eval [as selector] (./node_modules/@angular/router/fesm5/router.js?:1436:29)
    at CatchSubscriber.error (./node_modules/rxjs/_esm5/internal/operators/catchError.js?:38:31)
    at MapSubscriber.Subscriber._error (./node_modules/rxjs/_esm5/internal/Subscriber.js?:89:26)
    at MapSubscriber.Subscriber.error (./node_modules/rxjs/_esm5/internal/Subscriber.js?:69:18)
    at MapSubscriber.Subscriber._error (./node_modules/rxjs/_esm5/internal/Subscriber.js?:89:26)
    at MapSubscriber.Subscriber.error (./node_modules/rxjs/_esm5/internal/Subscriber.js?:69:18)
    at MapSubscriber.Subscriber._error (./node_modules/rxjs/_esm5/internal/Subscriber.js?:89:26)
    at MapSubscriber.Subscriber.error (./node_modules/rxjs/_esm5/internal/Subscriber.js?:69:18)
    at TapSubscriber._error (./node_modules/rxjs/_esm5/internal/operators/tap.js?:67:26)'
,Chrome 69.0.3497 (Windows 10 0.0.0) LOG: 'articles->[{"articleId":1,"author":"Zristiano","date":"Wed Oct 04 2018 15:22:45 GMT-0500","image":"https://cdn.pastemagazine.com/www/articles/Dragon%20Ball%20FighterZ%20How%20To%20Summon%20Shenron.jpg","content":"Nadal battled his way through to a seventh US Open semi-final appearance","comment":[{"id":"2","accountName":"Ronaldo","content":"Awesome, It's a great match"},{"id":"4","accountName":"Ozil","content":"I love Nadal"}]},{"articleId":2,"author":"Zristiano","date":"Wed Oct 04 2018 7:22:45 GMT-0500","image":"https://amp.businessinsider.com/images/5a69f7911784251e008b4619-750-500.jpg","content":"Djokovic missed last year's tournament with an elbow injury but has now reached ","comment":[{"id":"2","accountName":"Ronaldo","content":"I will wait for your return"},{"id":"2","accountName":"Ronaldo","content":"Djo is the best player now"}]},{"articleId":3,"author":"Ronaldo","date":"Wed Oct 03 2018 18:22:45 GMT-0500","image":"https://assets4.sportsnet.ca/wp-content/uploads/2018/08/djokovic-us-open-1040x572.jpg","content":"The Serb, twice champion at Flushing Meadows, has now won all 11 of his quarter-final matches ","comment":[{"id":"1","accountName":"Zristiano","content":"Tennis is great"}]},{"articleId":4,"author":"Ronaldo","date":"Wed Oct 03 2018 15:23:45 GMT-0500","image":"http://sport360.com/wp-content/uploads/2018/07/MesutOzilArsenalpreseason-1.jpg","content":"Join me this Saturday in Wheeling, West Virginia at 7pmE! Tickets: ","comment":[{"id":"1","accountName":"Zristiano","content":"Hello World"},{"id":"4","accountName":"Ozil","content":"See you Saturday"}]},{"articleId":5,"author":"Kaka","date":"Wed Oct 02 2018 15:22:50 GMT-0500","image":"https://expo.advance.net/img/7ed7b994c8/width960/fcf_afp18u0k0.jpeg","content":"The 31-year-old earned a 6-3 6-4 6-4 victory over the Australian world number 55.","comment":[{"id":"2","accountName":"Ronaldo","content":"Amazing"},{"id":"2","accountName":"Ronaldo","content":"This match demonstrate the charm of tennis"}]},{"articleId":6,"author":"Kaka","date":"Wed Oct 02 2018 15:22:45 GMT-0500","image":"https://www.tennisworldusa.org/imgb/64546/roger-federer-i-love-facing-younger-players-that-s-why-i-work.jpg","content":"The Spaniard lost the first set 0-6 but bounced back to win the match 0-6, 0-6, 6-4, 7-5, 6-7, 7-6.","comment":[{"id":"1","accountName":"Zristiano","content":"Nadal is amazing"}]}]'
,Chrome 69.0.3497 (Windows 10 0.0.0) LOG: 'articles->[{"articleId":1,"author":"Zristiano","date":"Wed Oct 04 2018 15:22:45 GMT-0500","image":"https://cdn.pastemagazine.com/www/articles/Dragon%20Ball%20FighterZ%20How%20To%20Summon%20Shenron.jpg","content":"Nadal battled his way through to a seventh US Open semi-final appearance","comment":[{"id":"2","accountName":"Ronaldo","content":"Awesome, It's a great match"},{"id":"4","accountName":"Ozil","content":"I love Nadal"}]},{"articleId":2,"author":"Zristiano","date":"Wed Oct 04 2018 7:22:45 GMT-0500","image":"https://amp.businessinsider.com/images/5a69f7911784251e008b4619-750-500.jpg","content":"Djokovic missed last year's tournament with an elbow injury but has now reached ","comment":[{"id":"2","accountName":"Ronaldo","content":"I will wait for your return"},{"id":"2","accountName":"Ronaldo","content":"Djo is the best player now"}]},{"articleId":3,"author":"Ronaldo","date":"Wed Oct 03 2018 18:22:45 GMT-0500","image":"https://assets4.sportsnet.ca/wp-content/uploads/2018/08/djokovic-us-open-1040x572.jpg","content":"The Serb, twice champion at Flushing Meadows, has now won all 11 of his quarter-final matches ","comment":[{"id":"1","accountName":"Zristiano","content":"Tennis is great"}]},{"articleId":4,"author":"Ronaldo","date":"Wed Oct 03 2018 15:23:45 GMT-0500","image":"http://sport360.com/wp-content/uploads/2018/07/MesutOzilArsenalpreseason-1.jpg","content":"Join me this Saturday in Wheeling, West Virginia at 7pmE! Tickets: ","comment":[{"id":"1","accountName":"Zristiano","content":"Hello World"},{"id":"4","accountName":"Ozil","content":"See you Saturday"}]},{"articleId":5,"author":"Kaka","date":"Wed Oct 02 2018 15:22:50 GMT-0500","image":"https://expo.advance.net/img/7ed7b994c8/width960/fcf_afp18u0k0.jpeg","content":"The 31-year-old earned a 6-3 6-4 6-4 victory over the Australian world number 55.","comment":[{"id":"2","accountName":"Ronaldo","content":"Amazing"},{"id":"2","accountName":"Ronaldo","content":"This match demonstrate the charm of tennis"}]},{"articleId":6,"author":"Kaka","date":"Wed Oct 02 2018 15:22:45 GMT-0500","image":"https://www.tennisworldusa.org/imgb/64546/roger-federer-i-love-facing-younger-players-that-s-why-i-work.jpg","content":"The Spaniard lost the first set 0-6 but bounced back to win the match 0-6, 0-6, 6-4, 7-5, 6-7, 7-6.","comment":[{"id":"1","accountName":"Zristiano","content":"Nadal is amazing"}]}]'
,Chrome 69.0.3497 (Windows 10 0.0.0) LOG: 'articles->[{"articleId":1,"author":"Zristiano","date":"Wed Oct 04 2018 15:22:45 GMT-0500","image":"https://cdn.pastemagazine.com/www/articles/Dragon%20Ball%20FighterZ%20How%20To%20Summon%20Shenron.jpg","content":"Nadal battled his way through to a seventh US Open semi-final appearance","comment":[{"id":"2","accountName":"Ronaldo","content":"Awesome, It's a great match"},{"id":"4","accountName":"Ozil","content":"I love Nadal"}]},{"articleId":2,"author":"Zristiano","date":"Wed Oct 04 2018 7:22:45 GMT-0500","image":"https://amp.businessinsider.com/images/5a69f7911784251e008b4619-750-500.jpg","content":"Djokovic missed last year's tournament with an elbow injury but has now reached ","comment":[{"id":"2","accountName":"Ronaldo","content":"I will wait for your return"},{"id":"2","accountName":"Ronaldo","content":"Djo is the best player now"}]},{"articleId":3,"author":"Ronaldo","date":"Wed Oct 03 2018 18:22:45 GMT-0500","image":"https://assets4.sportsnet.ca/wp-content/uploads/2018/08/djokovic-us-open-1040x572.jpg","content":"The Serb, twice champion at Flushing Meadows, has now won all 11 of his quarter-final matches ","comment":[{"id":"1","accountName":"Zristiano","content":"Tennis is great"}]},{"articleId":4,"author":"Ronaldo","date":"Wed Oct 03 2018 15:23:45 GMT-0500","image":"http://sport360.com/wp-content/uploads/2018/07/MesutOzilArsenalpreseason-1.jpg","content":"Join me this Saturday in Wheeling, West Virginia at 7pmE! Tickets: ","comment":[{"id":"1","accountName":"Zristiano","content":"Hello World"},{"id":"4","accountName":"Ozil","content":"See you Saturday"}]},{"articleId":7,"author":"Ozil","date":"Wed Oct 01 2018 15:22:45 GMT-0500","image":"https://i.ytimg.com/vi/vTtIB9hgDvc/maxresdefault.jpg","content":"Rafael Nadal in US Open FURY after Dominic Thiem win: 'I am not happy about this'","comment":[{"id":"3","accountName":"Kaka","content":"I am not happy neither"}]},{"articleId":8,"author":"Ozil","date":"Wed Oct 01 2018 13:44:01 GMT-0500","image":"https://img.rasset.ie/001083ae-800.jpg","content":"He goes on to play Japan's Kei Nishikori in the last four on Friday.","comment":[{"id":"1","accountName":"Zristiano","content":"haha"},{"id":"2","accountName":"Ronaldo","content":"It must be appealing"},{"id":"3","accountName":"Kaka","content":"right"}]}]'
,Chrome 69.0.3497 (Windows 10 0.0.0) LOG: 'articles->[{"articleId":1,"author":"Zristiano","date":"Wed Oct 04 2018 15:22:45 GMT-0500","image":"https://cdn.pastemagazine.com/www/articles/Dragon%20Ball%20FighterZ%20How%20To%20Summon%20Shenron.jpg","content":"Nadal battled his way through to a seventh US Open semi-final appearance","comment":[{"id":"2","accountName":"Ronaldo","content":"Awesome, It's a great match"},{"id":"4","accountName":"Ozil","content":"I love Nadal"}]},{"articleId":2,"author":"Zristiano","date":"Wed Oct 04 2018 7:22:45 GMT-0500","image":"https://amp.businessinsider.com/images/5a69f7911784251e008b4619-750-500.jpg","content":"Djokovic missed last year's tournament with an elbow injury but has now reached ","comment":[{"id":"2","accountName":"Ronaldo","content":"I will wait for your return"},{"id":"2","accountName":"Ronaldo","content":"Djo is the best player now"}]},{"articleId":3,"author":"Ronaldo","date":"Wed Oct 03 2018 18:22:45 GMT-0500","image":"https://assets4.sportsnet.ca/wp-content/uploads/2018/08/djokovic-us-open-1040x572.jpg","content":"The Serb, twice champion at Flushing Meadows, has now won all 11 of his quarter-final matches ","comment":[{"id":"1","accountName":"Zristiano","content":"Tennis is great"}]},{"articleId":4,"author":"Ronaldo","date":"Wed Oct 03 2018 15:23:45 GMT-0500","image":"http://sport360.com/wp-content/uploads/2018/07/MesutOzilArsenalpreseason-1.jpg","content":"Join me this Saturday in Wheeling, West Virginia at 7pmE! Tickets: ","comment":[{"id":"1","accountName":"Zristiano","content":"Hello World"},{"id":"4","accountName":"Ozil","content":"See you Saturday"}]},{"articleId":7,"author":"Ozil","date":"Wed Oct 01 2018 15:22:45 GMT-0500","image":"https://i.ytimg.com/vi/vTtIB9hgDvc/maxresdefault.jpg","content":"Rafael Nadal in US Open FURY after Dominic Thiem win: 'I am not happy about this'","comment":[{"id":"3","accountName":"Kaka","content":"I am not happy neither"}]},{"articleId":8,"author":"Ozil","date":"Wed Oct 01 2018 13:44:01 GMT-0500","image":"https://img.rasset.ie/001083ae-800.jpg","content":"He goes on to play Japan's Kei Nishikori in the last four on Friday.","comment":[{"id":"1","accountName":"Zristiano","content":"haha"},{"id":"2","accountName":"Ronaldo","content":"It must be appealing"},{"id":"3","accountName":"Kaka","content":"right"}]}]'
,Chrome 69.0.3497 (Windows 10 0.0.0) LOG: 'articles->[{"articleId":1,"author":"Zristiano","date":"Wed Oct 04 2018 15:22:45 GMT-0500","image":"https://cdn.pastemagazine.com/www/articles/Dragon%20Ball%20FighterZ%20How%20To%20Summon%20Shenron.jpg","content":"Nadal battled his way through to a seventh US Open semi-final appearance","comment":[{"id":"2","accountName":"Ronaldo","content":"Awesome, It's a great match"},{"id":"4","accountName":"Ozil","content":"I love Nadal"}]},{"articleId":2,"author":"Zristiano","date":"Wed Oct 04 2018 7:22:45 GMT-0500","image":"https://amp.businessinsider.com/images/5a69f7911784251e008b4619-750-500.jpg","content":"Djokovic missed last year's tournament with an elbow injury but has now reached ","comment":[{"id":"2","accountName":"Ronaldo","content":"I will wait for your return"},{"id":"2","accountName":"Ronaldo","content":"Djo is the best player now"}]},{"articleId":3,"author":"Ronaldo","date":"Wed Oct 03 2018 18:22:45 GMT-0500","image":"https://assets4.sportsnet.ca/wp-content/uploads/2018/08/djokovic-us-open-1040x572.jpg","content":"The Serb, twice champion at Flushing Meadows, has now won all 11 of his quarter-final matches ","comment":[{"id":"1","accountName":"Zristiano","content":"Tennis is great"}]},{"articleId":4,"author":"Ronaldo","date":"Wed Oct 03 2018 15:23:45 GMT-0500","image":"http://sport360.com/wp-content/uploads/2018/07/MesutOzilArsenalpreseason-1.jpg","content":"Join me this Saturday in Wheeling, West Virginia at 7pmE! Tickets: ","comment":[{"id":"1","accountName":"Zristiano","content":"Hello World"},{"id":"4","accountName":"Ozil","content":"See you Saturday"}]},{"articleId":5,"author":"Kaka","date":"Wed Oct 02 2018 15:22:50 GMT-0500","image":"https://expo.advance.net/img/7ed7b994c8/width960/fcf_afp18u0k0.jpeg","content":"The 31-year-old earned a 6-3 6-4 6-4 victory over the Australian world number 55.","comment":[{"id":"2","accountName":"Ronaldo","content":"Amazing"},{"id":"2","accountName":"Ronaldo","content":"This match demonstrate the charm of tennis"}]},{"articleId":6,"author":"Kaka","date":"Wed Oct 02 2018 15:22:45 GMT-0500","image":"https://www.tennisworldusa.org/imgb/64546/roger-federer-i-love-facing-younger-players-that-s-why-i-work.jpg","content":"The Spaniard lost the first set 0-6 but bounced back to win the match 0-6, 0-6, 6-4, 7-5, 6-7, 7-6.","comment":[{"id":"1","accountName":"Zristiano","content":"Nadal is amazing"}]}]'
,Chrome 69.0.3497 (Windows 10 0.0.0) LOG: 'articles->[{"articleId":1,"author":"Zristiano","date":"Wed Oct 04 2018 15:22:45 GMT-0500","image":"https://cdn.pastemagazine.com/www/articles/Dragon%20Ball%20FighterZ%20How%20To%20Summon%20Shenron.jpg","content":"Nadal battled his way through to a seventh US Open semi-final appearance","comment":[{"id":"2","accountName":"Ronaldo","content":"Awesome, It's a great match"},{"id":"4","accountName":"Ozil","content":"I love Nadal"}]},{"articleId":2,"author":"Zristiano","date":"Wed Oct 04 2018 7:22:45 GMT-0500","image":"https://amp.businessinsider.com/images/5a69f7911784251e008b4619-750-500.jpg","content":"Djokovic missed last year's tournament with an elbow injury but has now reached ","comment":[{"id":"2","accountName":"Ronaldo","content":"I will wait for your return"},{"id":"2","accountName":"Ronaldo","content":"Djo is the best player now"}]},{"articleId":3,"author":"Ronaldo","date":"Wed Oct 03 2018 18:22:45 GMT-0500","image":"https://assets4.sportsnet.ca/wp-content/uploads/2018/08/djokovic-us-open-1040x572.jpg","content":"The Serb, twice champion at Flushing Meadows, has now won all 11 of his quarter-final matches ","comment":[{"id":"1","accountName":"Zristiano","content":"Tennis is great"}]},{"articleId":4,"author":"Ronaldo","date":"Wed Oct 03 2018 15:23:45 GMT-0500","image":"http://sport360.com/wp-content/uploads/2018/07/MesutOzilArsenalpreseason-1.jpg","content":"Join me this Saturday in Wheeling, West Virginia at 7pmE! Tickets: ","comment":[{"id":"1","accountName":"Zristiano","content":"Hello World"},{"id":"4","accountName":"Ozil","content":"See you Saturday"}]},{"articleId":5,"author":"Kaka","date":"Wed Oct 02 2018 15:22:50 GMT-0500","image":"https://expo.advance.net/img/7ed7b994c8/width960/fcf_afp18u0k0.jpeg","content":"The 31-year-old earned a 6-3 6-4 6-4 victory over the Australian world number 55.","comment":[{"id":"2","accountName":"Ronaldo","content":"Amazing"},{"id":"2","accountName":"Ronaldo","content":"This match demonstrate the charm of tennis"}]},{"articleId":6,"author":"Kaka","date":"Wed Oct 02 2018 15:22:45 GMT-0500","image":"https://www.tennisworldusa.org/imgb/64546/roger-federer-i-love-facing-younger-players-that-s-why-i-work.jpg","content":"The Spaniard lost the first set 0-6 but bounced back to win the match 0-6, 0-6, 6-4, 7-5, 6-7, 7-6.","comment":[{"id":"1","accountName":"Zristiano","content":"Nadal is amazing"}]}]'
,Chrome 69.0.3497 (Windows 10 0.0.0) LOG: 'articles->[{"articleId":1,"author":"Zristiano","date":"Wed Oct 04 2018 15:22:45 GMT-0500","image":"https://cdn.pastemagazine.com/www/articles/Dragon%20Ball%20FighterZ%20How%20To%20Summon%20Shenron.jpg","content":"Nadal battled his way through to a seventh US Open semi-final appearance","comment":[{"id":"2","accountName":"Ronaldo","content":"Awesome, It's a great match"},{"id":"4","accountName":"Ozil","content":"I love Nadal"}]},{"articleId":2,"author":"Zristiano","date":"Wed Oct 04 2018 7:22:45 GMT-0500","image":"https://amp.businessinsider.com/images/5a69f7911784251e008b4619-750-500.jpg","content":"Djokovic missed last year's tournament with an elbow injury but has now reached ","comment":[{"id":"2","accountName":"Ronaldo","content":"I will wait for your return"},{"id":"2","accountName":"Ronaldo","content":"Djo is the best player now"}]},{"articleId":3,"author":"Ronaldo","date":"Wed Oct 03 2018 18:22:45 GMT-0500","image":"https://assets4.sportsnet.ca/wp-content/uploads/2018/08/djokovic-us-open-1040x572.jpg","content":"The Serb, twice champion at Flushing Meadows, has now won all 11 of his quarter-final matches ","comment":[{"id":"1","accountName":"Zristiano","content":"Tennis is great"}]},{"articleId":4,"author":"Ronaldo","date":"Wed Oct 03 2018 15:23:45 GMT-0500","image":"http://sport360.com/wp-content/uploads/2018/07/MesutOzilArsenalpreseason-1.jpg","content":"Join me this Saturday in Wheeling, West Virginia at 7pmE! Tickets: ","comment":[{"id":"1","accountName":"Zristiano","content":"Hello World"},{"id":"4","accountName":"Ozil","content":"See you Saturday"}]},{"articleId":5,"author":"Kaka","date":"Wed Oct 02 2018 15:22:50 GMT-0500","image":"https://expo.advance.net/img/7ed7b994c8/width960/fcf_afp18u0k0.jpeg","content":"The 31-year-old earned a 6-3 6-4 6-4 victory over the Australian world number 55.","comment":[{"id":"2","accountName":"Ronaldo","content":"Amazing"},{"id":"2","accountName":"Ronaldo","content":"This match demonstrate the charm of tennis"}]},{"articleId":6,"author":"Kaka","date":"Wed Oct 02 2018 15:22:45 GMT-0500","image":"https://www.tennisworldusa.org/imgb/64546/roger-federer-i-love-facing-younger-players-that-s-why-i-work.jpg","content":"The Spaniard lost the first set 0-6 but bounced back to win the match 0-6, 0-6, 6-4, 7-5, 6-7, 7-6.","comment":[{"id":"1","accountName":"Zristiano","content":"Nadal is amazing"}]}]'
,Chrome 69.0.3497 (Windows 10 0.0.0) LOG: 'articles->[{"articleId":1,"author":"Zristiano","date":"Wed Oct 04 2018 15:22:45 GMT-0500","image":"https://cdn.pastemagazine.com/www/articles/Dragon%20Ball%20FighterZ%20How%20To%20Summon%20Shenron.jpg","content":"Nadal battled his way through to a seventh US Open semi-final appearance","comment":[{"id":"2","accountName":"Ronaldo","content":"Awesome, It's a great match"},{"id":"4","accountName":"Ozil","content":"I love Nadal"}]},{"articleId":2,"author":"Zristiano","date":"Wed Oct 04 2018 7:22:45 GMT-0500","image":"https://amp.businessinsider.com/images/5a69f7911784251e008b4619-750-500.jpg","content":"Djokovic missed last year's tournament with an elbow injury but has now reached ","comment":[{"id":"2","accountName":"Ronaldo","content":"I will wait for your return"},{"id":"2","accountName":"Ronaldo","content":"Djo is the best player now"}]},{"articleId":3,"author":"Ronaldo","date":"Wed Oct 03 2018 18:22:45 GMT-0500","image":"https://assets4.sportsnet.ca/wp-content/uploads/2018/08/djokovic-us-open-1040x572.jpg","content":"The Serb, twice champion at Flushing Meadows, has now won all 11 of his quarter-final matches ","comment":[{"id":"1","accountName":"Zristiano","content":"Tennis is great"}]},{"articleId":4,"author":"Ronaldo","date":"Wed Oct 03 2018 15:23:45 GMT-0500","image":"http://sport360.com/wp-content/uploads/2018/07/MesutOzilArsenalpreseason-1.jpg","content":"Join me this Saturday in Wheeling, West Virginia at 7pmE! Tickets: ","comment":[{"id":"1","accountName":"Zristiano","content":"Hello World"},{"id":"4","accountName":"Ozil","content":"See you Saturday"}]},{"articleId":5,"author":"Kaka","date":"Wed Oct 02 2018 15:22:50 GMT-0500","image":"https://expo.advance.net/img/7ed7b994c8/width960/fcf_afp18u0k0.jpeg","content":"The 31-year-old earned a 6-3 6-4 6-4 victory over the Australian world number 55.","comment":[{"id":"2","accountName":"Ronaldo","content":"Amazing"},{"id":"2","accountName":"Ronaldo","content":"This match demonstrate the charm of tennis"}]},{"articleId":6,"author":"Kaka","date":"Wed Oct 02 2018 15:22:45 GMT-0500","image":"https://www.tennisworldusa.org/imgb/64546/roger-federer-i-love-facing-younger-players-that-s-why-i-work.jpg","content":"The Spaniard lost the first set 0-6 but bounced back to win the match 0-6, 0-6, 6-4, 7-5, 6-7, 7-6.","comment":[{"id":"1","accountName":"Zristiano","content":"Nadal is amazing"}]}]'
,Chrome 69.0.3497 (Windows 10 0.0.0) LOG: 'articles->[{"articleId":1,"author":"Zristiano","date":"Wed Oct 04 2018 15:22:45 GMT-0500","image":"https://cdn.pastemagazine.com/www/articles/Dragon%20Ball%20FighterZ%20How%20To%20Summon%20Shenron.jpg","content":"Nadal battled his way through to a seventh US Open semi-final appearance","comment":[{"id":"2","accountName":"Ronaldo","content":"Awesome, It's a great match"},{"id":"4","accountName":"Ozil","content":"I love Nadal"}]},{"articleId":2,"author":"Zristiano","date":"Wed Oct 04 2018 7:22:45 GMT-0500","image":"https://amp.businessinsider.com/images/5a69f7911784251e008b4619-750-500.jpg","content":"Djokovic missed last year's tournament with an elbow injury but has now reached ","comment":[{"id":"2","accountName":"Ronaldo","content":"I will wait for your return"},{"id":"2","accountName":"Ronaldo","content":"Djo is the best player now"}]},{"articleId":3,"author":"Ronaldo","date":"Wed Oct 03 2018 18:22:45 GMT-0500","image":"https://assets4.sportsnet.ca/wp-content/uploads/2018/08/djokovic-us-open-1040x572.jpg","content":"The Serb, twice champion at Flushing Meadows, has now won all 11 of his quarter-final matches ","comment":[{"id":"1","accountName":"Zristiano","content":"Tennis is great"}]},{"articleId":4,"author":"Ronaldo","date":"Wed Oct 03 2018 15:23:45 GMT-0500","image":"http://sport360.com/wp-content/uploads/2018/07/MesutOzilArsenalpreseason-1.jpg","content":"Join me this Saturday in Wheeling, West Virginia at 7pmE! Tickets: ","comment":[{"id":"1","accountName":"Zristiano","content":"Hello World"},{"id":"4","accountName":"Ozil","content":"See you Saturday"}]},{"articleId":7,"author":"Ozil","date":"Wed Oct 01 2018 15:22:45 GMT-0500","image":"https://i.ytimg.com/vi/vTtIB9hgDvc/maxresdefault.jpg","content":"Rafael Nadal in US Open FURY after Dominic Thiem win: 'I am not happy about this'","comment":[{"id":"3","accountName":"Kaka","content":"I am not happy neither"}]},{"articleId":8,"author":"Ozil","date":"Wed Oct 01 2018 13:44:01 GMT-0500","image":"https://img.rasset.ie/001083ae-800.jpg","content":"He goes on to play Japan's Kei Nishikori in the last four on Friday.","comment":[{"id":"1","accountName":"Zristiano","content":"haha"},{"id":"2","accountName":"Ronaldo","content":"It must be appealing"},{"id":"3","accountName":"Kaka","content":"right"}]}]'
,Chrome 69.0.3497 (Windows 10 0.0.0) LOG: 'articles->[{"articleId":1,"author":"Zristiano","date":"Wed Oct 04 2018 15:22:45 GMT-0500","image":"https://cdn.pastemagazine.com/www/articles/Dragon%20Ball%20FighterZ%20How%20To%20Summon%20Shenron.jpg","content":"Nadal battled his way through to a seventh US Open semi-final appearance","comment":[{"id":"2","accountName":"Ronaldo","content":"Awesome, It's a great match"},{"id":"4","accountName":"Ozil","content":"I love Nadal"}]},{"articleId":2,"author":"Zristiano","date":"Wed Oct 04 2018 7:22:45 GMT-0500","image":"https://amp.businessinsider.com/images/5a69f7911784251e008b4619-750-500.jpg","content":"Djokovic missed last year's tournament with an elbow injury but has now reached ","comment":[{"id":"2","accountName":"Ronaldo","content":"I will wait for your return"},{"id":"2","accountName":"Ronaldo","content":"Djo is the best player now"}]},{"articleId":3,"author":"Ronaldo","date":"Wed Oct 03 2018 18:22:45 GMT-0500","image":"https://assets4.sportsnet.ca/wp-content/uploads/2018/08/djokovic-us-open-1040x572.jpg","content":"The Serb, twice champion at Flushing Meadows, has now won all 11 of his quarter-final matches ","comment":[{"id":"1","accountName":"Zristiano","content":"Tennis is great"}]},{"articleId":4,"author":"Ronaldo","date":"Wed Oct 03 2018 15:23:45 GMT-0500","image":"http://sport360.com/wp-content/uploads/2018/07/MesutOzilArsenalpreseason-1.jpg","content":"Join me this Saturday in Wheeling, West Virginia at 7pmE! Tickets: ","comment":[{"id":"1","accountName":"Zristiano","content":"Hello World"},{"id":"4","accountName":"Ozil","content":"See you Saturday"}]},{"articleId":7,"author":"Ozil","date":"Wed Oct 01 2018 15:22:45 GMT-0500","image":"https://i.ytimg.com/vi/vTtIB9hgDvc/maxresdefault.jpg","content":"Rafael Nadal in US Open FURY after Dominic Thiem win: 'I am not happy about this'","comment":[{"id":"3","accountName":"Kaka","content":"I am not happy neither"}]},{"articleId":8,"author":"Ozil","date":"Wed Oct 01 2018 13:44:01 GMT-0500","image":"https://img.rasset.ie/001083ae-800.jpg","content":"He goes on to play Japan's Kei Nishikori in the last four on Friday.","comment":[{"id":"1","accountName":"Zristiano","content":"haha"},{"id":"2","accountName":"Ronaldo","content":"It must be appealing"},{"id":"3","accountName":"Kaka","content":"right"}]}]'
,Chrome 69.0.3497 (Windows 10 0.0.0) LOG: 'articles->[{"articleId":1,"author":"Zristiano","date":"Wed Oct 04 2018 15:22:45 GMT-0500","image":"https://cdn.pastemagazine.com/www/articles/Dragon%20Ball%20FighterZ%20How%20To%20Summon%20Shenron.jpg","content":"Nadal battled his way through to a seventh US Open semi-final appearance","comment":[{"id":"2","accountName":"Ronaldo","content":"Awesome, It's a great match"},{"id":"4","accountName":"Ozil","content":"I love Nadal"}]},{"articleId":2,"author":"Zristiano","date":"Wed Oct 04 2018 7:22:45 GMT-0500","image":"https://amp.businessinsider.com/images/5a69f7911784251e008b4619-750-500.jpg","content":"Djokovic missed last year's tournament with an elbow injury but has now reached ","comment":[{"id":"2","accountName":"Ronaldo","content":"I will wait for your return"},{"id":"2","accountName":"Ronaldo","content":"Djo is the best player now"}]},{"articleId":3,"author":"Ronaldo","date":"Wed Oct 03 2018 18:22:45 GMT-0500","image":"https://assets4.sportsnet.ca/wp-content/uploads/2018/08/djokovic-us-open-1040x572.jpg","content":"The Serb, twice champion at Flushing Meadows, has now won all 11 of his quarter-final matches ","comment":[{"id":"1","accountName":"Zristiano","content":"Tennis is great"}]},{"articleId":4,"author":"Ronaldo","date":"Wed Oct 03 2018 15:23:45 GMT-0500","image":"http://sport360.com/wp-content/uploads/2018/07/MesutOzilArsenalpreseason-1.jpg","content":"Join me this Saturday in Wheeling, West Virginia at 7pmE! Tickets: ","comment":[{"id":"1","accountName":"Zristiano","content":"Hello World"},{"id":"4","accountName":"Ozil","content":"See you Saturday"}]},{"articleId":5,"author":"Kaka","date":"Wed Oct 02 2018 15:22:50 GMT-0500","image":"https://expo.advance.net/img/7ed7b994c8/width960/fcf_afp18u0k0.jpeg","content":"The 31-year-old earned a 6-3 6-4 6-4 victory over the Australian world number 55.","comment":[{"id":"2","accountName":"Ronaldo","content":"Amazing"},{"id":"2","accountName":"Ronaldo","content":"This match demonstrate the charm of tennis"}]},{"articleId":6,"author":"Kaka","date":"Wed Oct 02 2018 15:22:45 GMT-0500","image":"https://www.tennisworldusa.org/imgb/64546/roger-federer-i-love-facing-younger-players-that-s-why-i-work.jpg","content":"The Spaniard lost the first set 0-6 but bounced back to win the match 0-6, 0-6, 6-4, 7-5, 6-7, 7-6.","comment":[{"id":"1","accountName":"Zristiano","content":"Nadal is amazing"}]}]'
,Chrome 69.0.3497 (Windows 10 0.0.0) LOG: 'articles->[{"articleId":1,"author":"Zristiano","date":"Wed Oct 04 2018 15:22:45 GMT-0500","image":"https://cdn.pastemagazine.com/www/articles/Dragon%20Ball%20FighterZ%20How%20To%20Summon%20Shenron.jpg","content":"Nadal battled his way through to a seventh US Open semi-final appearance","comment":[{"id":"2","accountName":"Ronaldo","content":"Awesome, It's a great match"},{"id":"4","accountName":"Ozil","content":"I love Nadal"}]},{"articleId":2,"author":"Zristiano","date":"Wed Oct 04 2018 7:22:45 GMT-0500","image":"https://amp.businessinsider.com/images/5a69f7911784251e008b4619-750-500.jpg","content":"Djokovic missed last year's tournament with an elbow injury but has now reached ","comment":[{"id":"2","accountName":"Ronaldo","content":"I will wait for your return"},{"id":"2","accountName":"Ronaldo","content":"Djo is the best player now"}]},{"articleId":3,"author":"Ronaldo","date":"Wed Oct 03 2018 18:22:45 GMT-0500","image":"https://assets4.sportsnet.ca/wp-content/uploads/2018/08/djokovic-us-open-1040x572.jpg","content":"The Serb, twice champion at Flushing Meadows, has now won all 11 of his quarter-final matches ","comment":[{"id":"1","accountName":"Zristiano","content":"Tennis is great"}]},{"articleId":4,"author":"Ronaldo","date":"Wed Oct 03 2018 15:23:45 GMT-0500","image":"http://sport360.com/wp-content/uploads/2018/07/MesutOzilArsenalpreseason-1.jpg","content":"Join me this Saturday in Wheeling, West Virginia at 7pmE! Tickets: ","comment":[{"id":"1","accountName":"Zristiano","content":"Hello World"},{"id":"4","accountName":"Ozil","content":"See you Saturday"}]},{"articleId":5,"author":"Kaka","date":"Wed Oct 02 2018 15:22:50 GMT-0500","image":"https://expo.advance.net/img/7ed7b994c8/width960/fcf_afp18u0k0.jpeg","content":"The 31-year-old earned a 6-3 6-4 6-4 victory over the Australian world number 55.","comment":[{"id":"2","accountName":"Ronaldo","content":"Amazing"},{"id":"2","accountName":"Ronaldo","content":"This match demonstrate the charm of tennis"}]},{"articleId":6,"author":"Kaka","date":"Wed Oct 02 2018 15:22:45 GMT-0500","image":"https://www.tennisworldusa.org/imgb/64546/roger-federer-i-love-facing-younger-players-that-s-why-i-work.jpg","content":"The Spaniard lost the first set 0-6 but bounced back to win the match 0-6, 0-6, 6-4, 7-5, 6-7, 7-6.","comment":[{"id":"1","accountName":"Zristiano","content":"Nadal is amazing"}]}]'
,Chrome 69.0.3497 (Windows 10 0.0.0) LOG: 'articles->[{"articleId":1,"author":"Zristiano","date":"Wed Oct 04 2018 15:22:45 GMT-0500","image":"https://cdn.pastemagazine.com/www/articles/Dragon%20Ball%20FighterZ%20How%20To%20Summon%20Shenron.jpg","content":"Nadal battled his way through to a seventh US Open semi-final appearance","comment":[{"id":"2","accountName":"Ronaldo","content":"Awesome, It's a great match"},{"id":"4","accountName":"Ozil","content":"I love Nadal"}]},{"articleId":2,"author":"Zristiano","date":"Wed Oct 04 2018 7:22:45 GMT-0500","image":"https://amp.businessinsider.com/images/5a69f7911784251e008b4619-750-500.jpg","content":"Djokovic missed last year's tournament with an elbow injury but has now reached ","comment":[{"id":"2","accountName":"Ronaldo","content":"I will wait for your return"},{"id":"2","accountName":"Ronaldo","content":"Djo is the best player now"}]},{"articleId":3,"author":"Ronaldo","date":"Wed Oct 03 2018 18:22:45 GMT-0500","image":"https://assets4.sportsnet.ca/wp-content/uploads/2018/08/djokovic-us-open-1040x572.jpg","content":"The Serb, twice champion at Flushing Meadows, has now won all 11 of his quarter-final matches ","comment":[{"id":"1","accountName":"Zristiano","content":"Tennis is great"}]},{"articleId":4,"author":"Ronaldo","date":"Wed Oct 03 2018 15:23:45 GMT-0500","image":"http://sport360.com/wp-content/uploads/2018/07/MesutOzilArsenalpreseason-1.jpg","content":"Join me this Saturday in Wheeling, West Virginia at 7pmE! Tickets: ","comment":[{"id":"1","accountName":"Zristiano","content":"Hello World"},{"id":"4","accountName":"Ozil","content":"See you Saturday"}]},{"articleId":7,"author":"Ozil","date":"Wed Oct 01 2018 15:22:45 GMT-0500","image":"https://i.ytimg.com/vi/vTtIB9hgDvc/maxresdefault.jpg","content":"Rafael Nadal in US Open FURY after Dominic Thiem win: 'I am not happy about this'","comment":[{"id":"3","accountName":"Kaka","content":"I am not happy neither"}]},{"articleId":8,"author":"Ozil","date":"Wed Oct 01 2018 13:44:01 GMT-0500","image":"https://img.rasset.ie/001083ae-800.jpg","content":"He goes on to play Japan's Kei Nishikori in the last four on Friday.","comment":[{"id":"1","accountName":"Zristiano","content":"haha"},{"id":"2","accountName":"Ronaldo","content":"It must be appealing"},{"id":"3","accountName":"Kaka","content":"right"}]}]'
,Chrome 69.0.3497 (Windows 10 0.0.0) LOG: 'articles->[{"articleId":1,"author":"Zristiano","date":"Wed Oct 04 2018 15:22:45 GMT-0500","image":"https://cdn.pastemagazine.com/www/articles/Dragon%20Ball%20FighterZ%20How%20To%20Summon%20Shenron.jpg","content":"Nadal battled his way through to a seventh US Open semi-final appearance","comment":[{"id":"2","accountName":"Ronaldo","content":"Awesome, It's a great match"},{"id":"4","accountName":"Ozil","content":"I love Nadal"}]},{"articleId":2,"author":"Zristiano","date":"Wed Oct 04 2018 7:22:45 GMT-0500","image":"https://amp.businessinsider.com/images/5a69f7911784251e008b4619-750-500.jpg","content":"Djokovic missed last year's tournament with an elbow injury but has now reached ","comment":[{"id":"2","accountName":"Ronaldo","content":"I will wait for your return"},{"id":"2","accountName":"Ronaldo","content":"Djo is the best player now"}]},{"articleId":3,"author":"Ronaldo","date":"Wed Oct 03 2018 18:22:45 GMT-0500","image":"https://assets4.sportsnet.ca/wp-content/uploads/2018/08/djokovic-us-open-1040x572.jpg","content":"The Serb, twice champion at Flushing Meadows, has now won all 11 of his quarter-final matches ","comment":[{"id":"1","accountName":"Zristiano","content":"Tennis is great"}]},{"articleId":4,"author":"Ronaldo","date":"Wed Oct 03 2018 15:23:45 GMT-0500","image":"http://sport360.com/wp-content/uploads/2018/07/MesutOzilArsenalpreseason-1.jpg","content":"Join me this Saturday in Wheeling, West Virginia at 7pmE! Tickets: ","comment":[{"id":"1","accountName":"Zristiano","content":"Hello World"},{"id":"4","accountName":"Ozil","content":"See you Saturday"}]},{"articleId":7,"author":"Ozil","date":"Wed Oct 01 2018 15:22:45 GMT-0500","image":"https://i.ytimg.com/vi/vTtIB9hgDvc/maxresdefault.jpg","content":"Rafael Nadal in US Open FURY after Dominic Thiem win: 'I am not happy about this'","comment":[{"id":"3","accountName":"Kaka","content":"I am not happy neither"}]},{"articleId":8,"author":"Ozil","date":"Wed Oct 01 2018 13:44:01 GMT-0500","image":"https://img.rasset.ie/001083ae-800.jpg","content":"He goes on to play Japan's Kei Nishikori in the last four on Friday.","comment":[{"id":"1","accountName":"Zristiano","content":"haha"},{"id":"2","accountName":"Ronaldo","content":"It must be appealing"},{"id":"3","accountName":"Kaka","content":"right"}]}]'
,Chrome 69.0.3497 (Windows 10 0.0.0) LOG: 'articles->[{"articleId":1,"author":"Zristiano","date":"Wed Oct 04 2018 15:22:45 GMT-0500","image":"https://cdn.pastemagazine.com/www/articles/Dragon%20Ball%20FighterZ%20How%20To%20Summon%20Shenron.jpg","content":"Nadal battled his way through to a seventh US Open semi-final appearance","comment":[{"id":"2","accountName":"Ronaldo","content":"Awesome, It's a great match"},{"id":"4","accountName":"Ozil","content":"I love Nadal"}]},{"articleId":2,"author":"Zristiano","date":"Wed Oct 04 2018 7:22:45 GMT-0500","image":"https://amp.businessinsider.com/images/5a69f7911784251e008b4619-750-500.jpg","content":"Djokovic missed last year's tournament with an elbow injury but has now reached ","comment":[{"id":"2","accountName":"Ronaldo","content":"I will wait for your return"},{"id":"2","accountName":"Ronaldo","content":"Djo is the best player now"}]},{"articleId":3,"author":"Ronaldo","date":"Wed Oct 03 2018 18:22:45 GMT-0500","image":"https://assets4.sportsnet.ca/wp-content/uploads/2018/08/djokovic-us-open-1040x572.jpg","content":"The Serb, twice champion at Flushing Meadows, has now won all 11 of his quarter-final matches ","comment":[{"id":"1","accountName":"Zristiano","content":"Tennis is great"}]},{"articleId":4,"author":"Ronaldo","date":"Wed Oct 03 2018 15:23:45 GMT-0500","image":"http://sport360.com/wp-content/uploads/2018/07/MesutOzilArsenalpreseason-1.jpg","content":"Join me this Saturday in Wheeling, West Virginia at 7pmE! Tickets: ","comment":[{"id":"1","accountName":"Zristiano","content":"Hello World"},{"id":"4","accountName":"Ozil","content":"See you Saturday"}]},{"articleId":7,"author":"Ozil","date":"Wed Oct 01 2018 15:22:45 GMT-0500","image":"https://i.ytimg.com/vi/vTtIB9hgDvc/maxresdefault.jpg","content":"Rafael Nadal in US Open FURY after Dominic Thiem win: 'I am not happy about this'","comment":[{"id":"3","accountName":"Kaka","content":"I am not happy neither"}]},{"articleId":8,"author":"Ozil","date":"Wed Oct 01 2018 13:44:01 GMT-0500","image":"https://img.rasset.ie/001083ae-800.jpg","content":"He goes on to play Japan's Kei Nishikori in the last four on Friday.","comment":[{"id":"1","accountName":"Zristiano","content":"haha"},{"id":"2","accountName":"Ronaldo","content":"It must be appealing"},{"id":"3","accountName":"Kaka","content":"right"}]}]'
,Chrome 69.0.3497 (Windows 10 0.0.0) LOG: 'articles->[{"articleId":1,"author":"Zristiano","date":"Wed Oct 04 2018 15:22:45 GMT-0500","image":"https://cdn.pastemagazine.com/www/articles/Dragon%20Ball%20FighterZ%20How%20To%20Summon%20Shenron.jpg","content":"Nadal battled his way through to a seventh US Open semi-final appearance","comment":[{"id":"2","accountName":"Ronaldo","content":"Awesome, It's a great match"},{"id":"4","accountName":"Ozil","content":"I love Nadal"}]},{"articleId":2,"author":"Zristiano","date":"Wed Oct 04 2018 7:22:45 GMT-0500","image":"https://amp.businessinsider.com/images/5a69f7911784251e008b4619-750-500.jpg","content":"Djokovic missed last year's tournament with an elbow injury but has now reached ","comment":[{"id":"2","accountName":"Ronaldo","content":"I will wait for your return"},{"id":"2","accountName":"Ronaldo","content":"Djo is the best player now"}]},{"articleId":3,"author":"Ronaldo","date":"Wed Oct 03 2018 18:22:45 GMT-0500","image":"https://assets4.sportsnet.ca/wp-content/uploads/2018/08/djokovic-us-open-1040x572.jpg","content":"The Serb, twice champion at Flushing Meadows, has now won all 11 of his quarter-final matches ","comment":[{"id":"1","accountName":"Zristiano","content":"Tennis is great"}]},{"articleId":4,"author":"Ronaldo","date":"Wed Oct 03 2018 15:23:45 GMT-0500","image":"http://sport360.com/wp-content/uploads/2018/07/MesutOzilArsenalpreseason-1.jpg","content":"Join me this Saturday in Wheeling, West Virginia at 7pmE! Tickets: ","comment":[{"id":"1","accountName":"Zristiano","content":"Hello World"},{"id":"4","accountName":"Ozil","content":"See you Saturday"}]},{"articleId":7,"author":"Ozil","date":"Wed Oct 01 2018 15:22:45 GMT-0500","image":"https://i.ytimg.com/vi/vTtIB9hgDvc/maxresdefault.jpg","content":"Rafael Nadal in US Open FURY after Dominic Thiem win: 'I am not happy about this'","comment":[{"id":"3","accountName":"Kaka","content":"I am not happy neither"}]},{"articleId":8,"author":"Ozil","date":"Wed Oct 01 2018 13:44:01 GMT-0500","image":"https://img.rasset.ie/001083ae-800.jpg","content":"He goes on to play Japan's Kei Nishikori in the last four on Friday.","comment":[{"id":"1","accountName":"Zristiano","content":"haha"},{"id":"2","accountName":"Ronaldo","content":"It must be appealing"},{"id":"3","accountName":"Kaka","content":"right"}]}]'
,Chrome 69.0.3497 (Windows 10 0.0.0) LOG: 'articles->[{"articleId":1,"author":"Zristiano","date":"Wed Oct 04 2018 15:22:45 GMT-0500","image":"https://cdn.pastemagazine.com/www/articles/Dragon%20Ball%20FighterZ%20How%20To%20Summon%20Shenron.jpg","content":"Nadal battled his way through to a seventh US Open semi-final appearance","comment":[{"id":"2","accountName":"Ronaldo","content":"Awesome, It's a great match"},{"id":"4","accountName":"Ozil","content":"I love Nadal"}]},{"articleId":2,"author":"Zristiano","date":"Wed Oct 04 2018 7:22:45 GMT-0500","image":"https://amp.businessinsider.com/images/5a69f7911784251e008b4619-750-500.jpg","content":"Djokovic missed last year's tournament with an elbow injury but has now reached ","comment":[{"id":"2","accountName":"Ronaldo","content":"I will wait for your return"},{"id":"2","accountName":"Ronaldo","content":"Djo is the best player now"}]},{"articleId":3,"author":"Ronaldo","date":"Wed Oct 03 2018 18:22:45 GMT-0500","image":"https://assets4.sportsnet.ca/wp-content/uploads/2018/08/djokovic-us-open-1040x572.jpg","content":"The Serb, twice champion at Flushing Meadows, has now won all 11 of his quarter-final matches ","comment":[{"id":"1","accountName":"Zristiano","content":"Tennis is great"}]},{"articleId":4,"author":"Ronaldo","date":"Wed Oct 03 2018 15:23:45 GMT-0500","image":"http://sport360.com/wp-content/uploads/2018/07/MesutOzilArsenalpreseason-1.jpg","content":"Join me this Saturday in Wheeling, West Virginia at 7pmE! Tickets: ","comment":[{"id":"1","accountName":"Zristiano","content":"Hello World"},{"id":"4","accountName":"Ozil","content":"See you Saturday"}]},{"articleId":5,"author":"Kaka","date":"Wed Oct 02 2018 15:22:50 GMT-0500","image":"https://expo.advance.net/img/7ed7b994c8/width960/fcf_afp18u0k0.jpeg","content":"The 31-year-old earned a 6-3 6-4 6-4 victory over the Australian world number 55.","comment":[{"id":"2","accountName":"Ronaldo","content":"Amazing"},{"id":"2","accountName":"Ronaldo","content":"This match demonstrate the charm of tennis"}]},{"articleId":6,"author":"Kaka","date":"Wed Oct 02 2018 15:22:45 GMT-0500","image":"https://www.tennisworldusa.org/imgb/64546/roger-federer-i-love-facing-younger-players-that-s-why-i-work.jpg","content":"The Spaniard lost the first set 0-6 but bounced back to win the match 0-6, 0-6, 6-4, 7-5, 6-7, 7-6.","comment":[{"id":"1","accountName":"Zristiano","content":"Nadal is amazing"}]}]'
,Chrome 69.0.3497 (Windows 10 0.0.0) LOG: 'articles->[{"articleId":1,"author":"Zristiano","date":"Wed Oct 04 2018 15:22:45 GMT-0500","image":"https://cdn.pastemagazine.com/www/articles/Dragon%20Ball%20FighterZ%20How%20To%20Summon%20Shenron.jpg","content":"Nadal battled his way through to a seventh US Open semi-final appearance","comment":[{"id":"2","accountName":"Ronaldo","content":"Awesome, It's a great match"},{"id":"4","accountName":"Ozil","content":"I love Nadal"}]},{"articleId":2,"author":"Zristiano","date":"Wed Oct 04 2018 7:22:45 GMT-0500","image":"https://amp.businessinsider.com/images/5a69f7911784251e008b4619-750-500.jpg","content":"Djokovic missed last year's tournament with an elbow injury but has now reached ","comment":[{"id":"2","accountName":"Ronaldo","content":"I will wait for your return"},{"id":"2","accountName":"Ronaldo","content":"Djo is the best player now"}]},{"articleId":3,"author":"Ronaldo","date":"Wed Oct 03 2018 18:22:45 GMT-0500","image":"https://assets4.sportsnet.ca/wp-content/uploads/2018/08/djokovic-us-open-1040x572.jpg","content":"The Serb, twice champion at Flushing Meadows, has now won all 11 of his quarter-final matches ","comment":[{"id":"1","accountName":"Zristiano","content":"Tennis is great"}]},{"articleId":4,"author":"Ronaldo","date":"Wed Oct 03 2018 15:23:45 GMT-0500","image":"http://sport360.com/wp-content/uploads/2018/07/MesutOzilArsenalpreseason-1.jpg","content":"Join me this Saturday in Wheeling, West Virginia at 7pmE! Tickets: ","comment":[{"id":"1","accountName":"Zristiano","content":"Hello World"},{"id":"4","accountName":"Ozil","content":"See you Saturday"}]},{"articleId":5,"author":"Kaka","date":"Wed Oct 02 2018 15:22:50 GMT-0500","image":"https://expo.advance.net/img/7ed7b994c8/width960/fcf_afp18u0k0.jpeg","content":"The 31-year-old earned a 6-3 6-4 6-4 victory over the Australian world number 55.","comment":[{"id":"2","accountName":"Ronaldo","content":"Amazing"},{"id":"2","accountName":"Ronaldo","content":"This match demonstrate the charm of tennis"}]},{"articleId":6,"author":"Kaka","date":"Wed Oct 02 2018 15:22:45 GMT-0500","image":"https://www.tennisworldusa.org/imgb/64546/roger-federer-i-love-facing-younger-players-that-s-why-i-work.jpg","content":"The Spaniard lost the first set 0-6 but bounced back to win the match 0-6, 0-6, 6-4, 7-5, 6-7, 7-6.","comment":[{"id":"1","accountName":"Zristiano","content":"Nadal is amazing"}]}]'

]]>
  </system-out>
  <system-err/>
</testsuite>